<?xml version="1.0" encoding="UTF-8"?>
<!-- Generated by org.testng.reporters.JUnitXMLReporter -->
<testsuite ignored="0" hostname="DESKTOP-3T3T4VC" failures="1" tests="1" name="Default test(failed)" time="45.246" errors="0" timestamp="2022-06-28T17:50:40 EDT">
  <testcase classname="verificationUsingTestNG.VerifyRadioButton" name="myMethod" time="43.339">
    <failure type="java.lang.AssertionError" message="Radio button is not selected TC is failed expected [true] but found [false]">
      <![CDATA[java.lang.AssertionError: Radio button is not selected TC is failed expected [true] but found [false]
at verificationUsingTestNG.VerifyRadioButton.myMethod(VerifyRadioButton.java:32)
at java.base/java.util.ArrayList.forEach(ArrayList.java:1541)
... Removed 30 stack frames]]>
    </failure>
  </testcase> <!-- myMethod -->
</testsuite> <!-- Default test(failed) -->
